  Building GameAssembly.dll with MsvcWinRtToolChain
  	Msvc Install Version: 15.0
  	Msvc Install SDK Directory: C:\Program Files (x86)\Windows Kits\10
  	Msvc Linker Path: C:\Program Files (x86)\Microsoft Visual Studio\2019\Community\VC\Tools\MSVC\14.24.28314\bin\HostX64\x86\link.exe
  	Msvc Compiler Path: C:\Program Files (x86)\Microsoft Visual Studio\2019\Community\VC\Tools\MSVC\14.24.28314\bin\HostX64\x86\cl.exe
  
  	Output directory: C:\Users\Veeruby Technology\Documents\GitHub\Microsoft-Android-ioS-ASA-Tutorial\MRTK ASA\App\build\bin\Win32\Release
  	Cache directory: C:\Users\Veeruby Technology\Documents\GitHub\Microsoft-Android-ioS-ASA-Tutorial\MRTK ASA\App\build\obj\il2cppOutputProject\Win32\Release
  Il2CppGenericMethodDefinitions.c
  Il2CppGenericMethodTable.c
  Il2CppGenericMethodPointerTable.cpp
  Il2CppGenericClassTable.c
  Il2CppMetadataUsage.c
  Il2CppCompilerCalculateTypeValues2.cpp
  Il2CppInvokerTable.cpp
  Il2CppInteropDataTable.cpp
  mscorlib_CodeGen.c
  Il2CppAttributes.cpp
  Il2CppCompilerCalculateTypeValues.cpp
  Unity.TextMeshPro.cpp
  Il2CppTypeDefinitions.c
  Il2CppGenericInstDefinitions.c
  GenericMethods10.cpp
  Il2CppCompilerCalculateTypeValues1.cpp
  Microsoft.MixedReality.Toolkit.SDK.cpp
  GenericMethods5.cpp
  GenericMethods8.cpp
  Microsoft.MixedReality.Toolkit.SDK5.cpp
  Microsoft.MixedReality.Toolkit.SDK3.cpp
  Microsoft.MixedReality.Toolkit1.cpp
  GenericMethods2.cpp
  Generics49.cpp
  Microsoft.MixedReality.Toolkit.SDK4.cpp
  Unity.TextMeshPro1.cpp
  GenericMethods6.cpp
  mscorlib20.cpp
  System3.cpp
  GenericMethods1.cpp
  Microsoft.MixedReality.Toolkit.SDK1.cpp
  Generics3.cpp
  Microsoft.MixedReality.Toolkit.SDK2.cpp
  Generics2.cpp
  Microsoft.MixedReality.Toolkit.Services.InputSystem.cpp
  UnityEngine.UI.cpp
  Microsoft.MixedReality.Toolkit3.cpp
  mscorlib6.cpp
  Microsoft.MixedReality.Toolkit.cpp
  mscorlib12.cpp
  GenericMethods9.cpp
  System4.cpp
  mscorlib9.cpp
  RestSharp.cpp
  System5.cpp
  Assembly-CSharp.cpp
  Microsoft.MixedReality.Toolkit4.cpp
  mscorlib5.cpp
  System.Core.cpp
  Generics9.cpp
  System.Core2.cpp
  Generics48.cpp
  mscorlib15.cpp
  mscorlib14.cpp
  Microsoft.MixedReality.Toolkit2.cpp
  System.cpp
  GenericMethods11.cpp
  mscorlib8.cpp
  mscorlib13.cpp
  mscorlib17.cpp
  System2.cpp
  Generics57.cpp
  Generics1.cpp
  Unity.TextMeshPro2.cpp
  System1.cpp
  Il2CppComCallableWrappers2.cpp
  Il2CppComCallableWrappers13.cpp
  Il2CppComCallableWrappers14.cpp
  UnityEngine.UI1.cpp
  mscorlib2.cpp
  Generics8.cpp
  GenericMethods.cpp
  Generics10.cpp
  mscorlib3.cpp
  mscorlib1.cpp
  System.Core1.cpp
  GenericMethods7.cpp
  Generics56.cpp
  mscorlib11.cpp
  mscorlib.cpp
  Generics22.cpp
  UnityEngine.CoreModule1.cpp
  GenericMethods4.cpp
  UnityEngine.UI2.cpp
  mscorlib19.cpp
  System.Core3.cpp
  Generics.cpp
  Generics51.cpp
  Generics27.cpp
  UnityEngine.CoreModule.cpp
  Generics39.cpp
  Generics40.cpp
  Il2CppComCallableWrappers.cpp
  UnresolvedVirtualCallStubs.cpp
  System.Xml.cpp
  Generics11.cpp
  Il2CppComCallableWrappers36.cpp
  Il2CppComCallableWrappers29.cpp
  mscorlib4.cpp
  mscorlib10.cpp
  mscorlib7.cpp
  Il2CppComCallableWrappers12.cpp
  Il2CppComCallableWrappers24.cpp
  Il2CppComCallableWrappers27.cpp
  Generics29.cpp
  Il2CppComCallableWrappers32.cpp
  Il2CppComCallableWrappers31.cpp
  Il2CppComCallableWrappers28.cpp
  Generics28.cpp
  Generics50.cpp
  Il2CppComCallableWrappers19.cpp
  mscorlib18.cpp
  Unity.TextMeshPro3.cpp
  Il2CppComCallableWrappers33.cpp
  Il2CppComCallableWrappers30.cpp
  Il2CppComCallableWrappers21.cpp
  Generics59.cpp
  Il2CppComCallableWrappers26.cpp
  Il2CppComCallableWrappers35.cpp
  Il2CppComCallableWrappers9.cpp
  Il2CppComCallableWrappers18.cpp
  Il2CppComCallableWrappers25.cpp
  Generics23.cpp
  Il2CppComCallableWrappers4.cpp
  Il2CppComCallableWrappers1.cpp
  Il2CppComCallableWrappers34.cpp
  Il2CppComCallableWrappers15.cpp
  Il2CppComCallableWrappers17.cpp
  Il2CppComCallableWrappers20.cpp
  Generics60.cpp
  Generics21.cpp
  Generics4.cpp
  Generics38.cpp
  mscorlib16.cpp
  Il2CppComCallableWrappers5.cpp
  Mono.Security.cpp
  Il2CppComCallableWrappers23.cpp
  Il2CppComCallableWrappers16.cpp
  Generics58.cpp
  Generics44.cpp
  Generics52.cpp
  Generics35.cpp
  Il2CppComCallableWrappers8.cpp
  Generics41.cpp
  Generics53.cpp
  Il2CppComCallableWrappers22.cpp
  Generics37.cpp
  Generics62.cpp
  Generics55.cpp
  Generics42.cpp
  Generics14.cpp
  Il2CppProjectedComCallableWrapperMethods5.cpp
  Microsoft.MixedReality.Toolkit.Providers.WindowsMixedReality.cpp
  Generics54.cpp
  Il2CppComCallableWrappers6.cpp
  Generics46.cpp
  Generics32.cpp
  Generics45.cpp
  GenericMethods3.cpp
  Generics63.cpp
  Generics43.cpp
  Microsoft.MixedReality.Toolkit.Gltf.cpp
  Il2CppComCallableWrappers11.cpp
  Generics61.cpp
  Generics15.cpp
  Generics34.cpp
  Generics13.cpp
  Generics47.cpp
  Generics12.cpp
  Il2CppComCallableWrappers10.cpp
  Generics16.cpp
  Generics33.cpp
  Generics19.cpp
  Generics20.cpp
  Il2CppProjectedComCallableWrapperMethods3.cpp
  Il2CppProjectedComCallableWrapperMethods.cpp
  Il2CppComCallableWrappers3.cpp
  mscorlib21.cpp
  Generics7.cpp
  Generics17.cpp
  Il2CppProjectedComCallableWrapperMethods4.cpp
  Il2CppProjectedComCallableWrapperMethods1.cpp
  Generics26.cpp
  Il2CppProjectedComCallableWrapperMethods2.cpp
  Generics18.cpp
  Generics30.cpp
  Generics24.cpp
  Generics25.cpp
  Generics5.cpp
  Generics31.cpp
  Generics6.cpp
  Generics36.cpp
  Microsoft.MixedReality.Toolkit.SDK_CodeGen.c
  Il2CppCompilerCalculateTypeValues3.cpp
  Generics64.cpp
  Assembly-CSharp1.cpp
  Il2CppComCallableWrappers7.cpp
  Il2CppGenericComDefinitions.cpp
  I18N.Rare.cpp
  Microsoft.MixedReality.Toolkit_CodeGen.c
  Il2CppCompilerCalculateTypeValuesTable.cpp
  System.Core_CodeGen.c
  System_CodeGen.c
  UnityEngine.VRModule.cpp
  Microsoft.MixedReality.Toolkit.SDK6.cpp
  UnityEngine.CoreModule2.cpp
  Microsoft.MixedReality.Toolkit.Services.SceneSystem.cpp
  System.Xml1.cpp
  UnityEngine.UI3.cpp
  System.Xml.Linq.cpp
  UnityEngine.IMGUIModule.cpp
  WindowsRuntimeMetadata.cpp
  System.Core4.cpp
  I18N.CJK.cpp
  UnityEngine.CoreModule_CodeGen.c
  Il2CppProjectedComCallableWrapperMethods6.cpp
  Microsoft.MixedReality.Toolkit.Services.InputAnimation.cpp
  UnityEngine.AndroidJNIModule.cpp
  I18N.West.cpp
  I18N.Rare1.cpp
  Microsoft.MixedReality.Toolkit.Services.DiagnosticsSystem.cpp
  Microsoft.MixedReality.Toolkit.Services.InputSimulation.cpp
  UnityEngine.UI_CodeGen.c
  UnityEngine.XRModule.cpp
  Microsoft.MixedReality.Toolkit.Providers.WindowsVoiceInput.cpp
  char-conversions.cpp
  I18N.cpp
  UnityEngine.UnityWebRequestModule.cpp
  Unity.TextMeshPro_CodeGen.c
  Microsoft.MixedReality.Toolkit.Providers.WindowsMixedReality.Shared.cpp
  System6.cpp
  Assembly-CSharp_CodeGen.c
  Microsoft.MixedReality.Toolkit.Async.cpp
  Il2CppComCallableWrappers37.cpp
  Microsoft.MixedReality.Toolkit.Services.InputSystem1.cpp
  UnityEngine.TextCoreModule.cpp
  I18N.Other.cpp
  Mono.Security1.cpp
  UnityEngine.AnimationModule.cpp
  System.Xml_CodeGen.c
  UnityEngine.TerrainModule.cpp
  UnityEngine.TextRenderingModule.cpp
  UnityEngine.PhysicsModule.cpp
  I18N.MidEast.cpp
  UnityEngine.UIModule.cpp
  System.Runtime.WindowsRuntime.cpp
  System.Numerics.cpp
  UnityEngine.Physics2DModule.cpp
  Microsoft.MixedReality.Toolkit.Services.TeleportSystem.cpp
  Microsoft.MixedReality.Toolkit.Services.SpatialAwarenessSystem.cpp
  UnityEngine.SharedInternalsModule.cpp
  UnityEngine.ParticleSystemModule.cpp
  UnityEngine.InputLegacyModule.cpp
  Microsoft.MixedReality.Toolkit.Services.CameraSystem.cpp
  RestSharp_CodeGen.c
  Microsoft.MixedReality.Toolkit.Services.InputSystem_CodeGen.c
  Mono.Security_CodeGen.c
  WindowsRuntimeMetadata_CodeGen.c
  UnityEngine.VRModule_CodeGen.c
  UnityEngine.AudioModule.cpp
  Microsoft.MixedReality.Toolkit.Providers.WindowsMixedReality_CodeGen.c
  UnityEngine.AndroidJNIModule_CodeGen.c
  deflate.c
  Microsoft.MixedReality.Toolkit.Services.BoundarySystem.cpp
  UnityEngine.UIElementsModule.cpp
  UnityEngine.TilemapModule.cpp
  UnityEngine.UnityAnalyticsModule.cpp
  I18N.Rare_CodeGen.c
  UnityEngine.VideoModule.cpp
  I18N.CJK_CodeGen.c
  UnityEngine.IMGUIModule_CodeGen.c
  System.Configuration.cpp
  Microsoft.MixedReality.Toolkit.Services.SceneSystem_CodeGen.c
  Microsoft.MixedReality.Toolkit.Gltf_CodeGen.c
  UnityEngine.VFXModule.cpp
  System.Xml.Linq_CodeGen.c
  trees.c
  inflate.c
  UnityEngine.InputModule.cpp
  Microsoft.MixedReality.Toolkit.Services.InputSimulation_CodeGen.c
  UnityEngine.PhysicsModule_CodeGen.c
  System.Web.cpp
  Microsoft.MixedReality.Toolkit.Services.InputAnimation_CodeGen.c
  UnityEngine.XRModule_CodeGen.c
  UnityEngine.JSONSerializeModule.cpp
  System.Runtime.Serialization.cpp
  Microsoft.MixedReality.Toolkit.Async_CodeGen.c
  UnityEngine.AssetBundleModule.cpp
  UnityEngine.UnityWebRequestModule_CodeGen.c
  Microsoft.MixedReality.Toolkit.Services.DiagnosticsSystem_CodeGen.c
  xamarin_getifaddrs.c
  UnityEngine.TextCoreModule_CodeGen.c
  I18N_CodeGen.c
  UnityEngine.AnimationModule_CodeGen.c
  UnityEngine.UIModule_CodeGen.c
  I18N.West_CodeGen.c
  System.Runtime.WindowsRuntime.UI.Xaml.cpp
  System.Runtime.WindowsRuntime_CodeGen.c
  gzread.c
  infback.c
  I18N.Other_CodeGen.c
  UnityEngine.AIModule.cpp
  UnityEngine.ParticleSystemModule_CodeGen.c
  Microsoft.MixedReality.Toolkit.Providers.WindowsVoiceInput_CodeGen.c
  UnityEngine.DirectorModule.cpp
  gzwrite.c
  UnityEngine.SharedInternalsModule_CodeGen.c
  il2cpp-api.cpp
  UnityEngine.AudioModule_CodeGen.c
  Microsoft.MixedReality.Toolkit.Providers.WindowsMixedReality.Shared_CodeGen.c
  UnityEngine.TextRenderingModule_CodeGen.c
  gzlib.c
  UnityEngine.Physics2DModule_CodeGen.c
  UnityEngine.TerrainModule_CodeGen.c
  crc32.c
  inftrees.c
  inffast.c
  UnityEngine.InputLegacyModule_CodeGen.c
  I18N.MidEast_CodeGen.c
  Microsoft.MixedReality.Toolkit.Services.SpatialAwarenessSystem_CodeGen.c
  System.Numerics_CodeGen.c
  Microsoft.MixedReality.Toolkit.Services.TeleportSystem_CodeGen.c
  Il2CppReversePInvokeWrapperTable.cpp
  UnityEngine.ImageConversionModule.cpp
  Il2CppCodeRegistration.cpp
  UnityEngine.VideoModule_CodeGen.c
  UnityEngine.TilemapModule_CodeGen.c
  System.Configuration_CodeGen.c
  zutil.c
  Microsoft.MixedReality.Toolkit.Services.CameraSystem_CodeGen.c
  UnityEngine.UIElementsModule_CodeGen.c
  UnityEngine.UnityAnalyticsModule_CodeGen.c
  UnityEngine.VFXModule_CodeGen.c
  adler32.c
  UnityEngine.InputModule_CodeGen.c
  UnityEngine.GridModule.cpp
  Microsoft.MixedReality.Toolkit.Services.BoundarySystem_CodeGen.c
  uncompr.c
  compress.c
  System.Web_CodeGen.c
  System.Runtime.WindowsRuntime.UI.Xaml_CodeGen.c
  UnityEngine.JSONSerializeModule_CodeGen.c
  UnityEngine.AIModule_CodeGen.c
  System.Runtime.Serialization_CodeGen.c
  UnityAdsStubs.cpp
  Lump_libil2cpp_metadata.cpp
  krait_signal_handler.c
  UnityEngine.DirectorModule_CodeGen.c
  Lump_libil2cpp_utils.cpp
  Lump_libil2cpp_icalls.cpp
C:\Users\Veeruby Technology\Documents\GitHub\Microsoft-Android-ioS-ASA-Tutorial\MRTK ASA\App\Il2CppOutputProject\IL2CPP\libil2cpp\icalls\mscorlib\System\Type.cpp(285): warning C4834: discarding return value of function with 'nodiscard' attribute
  UnityEngine.AssetBundleModule_CodeGen.c
  UnityEngine.ImageConversionModule_CodeGen.c
  Il2CppMetadataRegistration.c
  System.Numerics.Vectors.cpp
  System.ObjectModel.cpp
  System.Runtime.InteropServices.WindowsRuntime.cpp
  System.Runtime.cpp
  UnityEngine.GridModule_CodeGen.c
  UnityEngine.cpp
  il2cpp-benchmark-support.cpp
  gzclose.c
  gc.c
  System.Runtime.InteropServices.WindowsRuntime_CodeGen.c
  Lump_libil2cpp_gc.cpp
  System.Numerics.Vectors_CodeGen.c
  System.ObjectModel_CodeGen.c
  Lump_libil2cpp_vm-utils.cpp
  System.Runtime_CodeGen.c
  UnityEngine_CodeGen.c
  Lump_libil2cpp_mono.cpp
  Lump_libil2cpp_debugger.cpp
  Lump_libil2cpp_mono-runtime.cpp
  il2cpp-runtime-stats.cpp
  Lump_libil2cpp_codegen.cpp
  Lump_libil2cpp_vm.cpp
  Lump_libil2cpp_os.cpp
  ObjectFiles: 376 of which compiled: 376
  	Time Compile: 28063 milliseconds Unity.TextMeshPro2.cpp
  	Time Compile: 20736 milliseconds Unity.TextMeshPro3.cpp
  	Time Compile: 14441 milliseconds mscorlib7.cpp
  	Time Compile: 14027 milliseconds Unity.TextMeshPro1.cpp
  	Time Compile: 12815 milliseconds System5.cpp
  	Time Compile: 12692 milliseconds Lump_libil2cpp_os.cpp
  	Time Compile: 11281 milliseconds Il2CppComCallableWrappers33.cpp
  	Time Compile: 10939 milliseconds Il2CppComCallableWrappers20.cpp
  	Time Compile: 10793 milliseconds Il2CppTypeDefinitions.c
  	Time Compile: 10610 milliseconds Il2CppComCallableWrappers22.cpp
  Total compilation time: 171991 milliseconds.
  Creating library C:\Users\Veeruby Technology\Documents\GitHub\Microsoft-Android-ioS-ASA-Tutorial\MRTK ASA\App\build\obj\il2cppOutputProject\Win32\Release\linkresult_7F83FC4A5612B04E22F867B7E633A14A\GameAssembly.lib and object C:\Users\Veeruby Technology\Documents\GitHub\Microsoft-Android-ioS-ASA-Tutorial\MRTK ASA\App\build\obj\il2cppOutputProject\Win32\Release\linkresult_7F83FC4A5612B04E22F867B7E633A14A\GameAssembly.exp
  Total link time: 40759 milliseconds.
  Cleaned up 2 object files.
